<?xml version="1.0" encoding="UTF-8"?>
<testng-results skipped="1" failed="0" ignored="0" total="1" passed="0">
  <reporter-output>
  </reporter-output>
  <suite name="Default suite" duration-ms="268" started-at="2018-07-30T12:26:50Z" finished-at="2018-07-30T12:26:50Z">
    <groups>
    </groups>
    <test name="Default test" duration-ms="268" started-at="2018-07-30T12:26:50Z" finished-at="2018-07-30T12:26:50Z">
      <class name="testscript.FirstTest">
        <test-method status="FAIL" signature="launch()[pri:0, instance:testscript.FirstTest@3bfdc050]" name="launch" is-config="true" duration-ms="230" started-at="2018-07-30T17:56:50Z" finished-at="2018-07-30T17:56:50Z">
          <exception class="java.io.FileNotFoundException">
            <message>
              <![CDATA[C:\Users\Ranosys\workspace\FrameworkDemo\Constant.properties (The system cannot find the path specified)]]>
            </message>
            <full-stacktrace>
              <![CDATA[java.io.FileNotFoundException: C:\Users\Ranosys\workspace\FrameworkDemo\Constant.properties (The system cannot find the path specified)
	at java.io.FileInputStream.open0(Native Method)
	at java.io.FileInputStream.open(FileInputStream.java:195)
	at java.io.FileInputStream.<init>(FileInputStream.java:138)
	at java.io.FileInputStream.<init>(FileInputStream.java:93)
	at genericlibrary.ConfigProperties.readProperties(ConfigProperties.java:26)
	at genericlibrary.ConfigProperties.getObject(ConfigProperties.java:39)
	at genericlibrary.BrowserUtilities.getBrowser(BrowserUtilities.java:37)
	at testscript.FirstTest.launch(FirstTest.java:29)
	at sun.reflect.NativeMethodAccessorImpl.invoke0(Native Method)
	at sun.reflect.NativeMethodAccessorImpl.invoke(NativeMethodAccessorImpl.java:62)
	at sun.reflect.DelegatingMethodAccessorImpl.invoke(DelegatingMethodAccessorImpl.java:43)
	at java.lang.reflect.Method.invoke(Method.java:498)
	at org.testng.internal.MethodInvocationHelper.invokeMethod(MethodInvocationHelper.java:108)
	at org.testng.internal.Invoker.invokeConfigurationMethod(Invoker.java:523)
	at org.testng.internal.Invoker.invokeConfigurations(Invoker.java:224)
	at org.testng.internal.Invoker.invokeConfigurations(Invoker.java:146)
	at org.testng.TestRunner.beforeRun(TestRunner.java:626)
	at org.testng.TestRunner.run(TestRunner.java:594)
	at org.testng.SuiteRunner.runTest(SuiteRunner.java:380)
	at org.testng.SuiteRunner.runSequentially(SuiteRunner.java:375)
	at org.testng.SuiteRunner.privateRun(SuiteRunner.java:340)
	at org.testng.SuiteRunner.run(SuiteRunner.java:289)
	at org.testng.SuiteRunnerWorker.runSuite(SuiteRunnerWorker.java:52)
	at org.testng.SuiteRunnerWorker.run(SuiteRunnerWorker.java:86)
	at org.testng.TestNG.runSuitesSequentially(TestNG.java:1301)
	at org.testng.TestNG.runSuitesLocally(TestNG.java:1226)
	at org.testng.TestNG.runSuites(TestNG.java:1144)
	at org.testng.TestNG.run(TestNG.java:1115)
	at org.testng.remote.AbstractRemoteTestNG.run(AbstractRemoteTestNG.java:114)
	at org.testng.remote.RemoteTestNG.initAndRun(RemoteTestNG.java:251)
	at org.testng.remote.RemoteTestNG.main(RemoteTestNG.java:77)
]]>
            </full-stacktrace>
          </exception> <!-- java.io.FileNotFoundException -->
          <reporter-output>
          </reporter-output>
        </test-method> <!-- launch -->
        <test-method status="SKIP" signature="initializePage()[pri:0, instance:testscript.FirstTest@3bfdc050]" name="initializePage" is-config="true" duration-ms="0" started-at="2018-07-30T17:56:50Z" finished-at="2018-07-30T17:56:50Z">
          <reporter-output>
          </reporter-output>
        </test-method> <!-- initializePage -->
        <test-method status="SKIP" signature="firstTest()[pri:0, instance:testscript.FirstTest@3bfdc050]" name="firstTest" duration-ms="0" started-at="2018-07-30T17:56:50Z" finished-at="2018-07-30T17:56:50Z">
          <exception class="java.io.FileNotFoundException">
            <message>
              <![CDATA[C:\Users\Ranosys\workspace\FrameworkDemo\Constant.properties (The system cannot find the path specified)]]>
            </message>
            <full-stacktrace>
              <![CDATA[java.io.FileNotFoundException: C:\Users\Ranosys\workspace\FrameworkDemo\Constant.properties (The system cannot find the path specified)
	at java.io.FileInputStream.open0(Native Method)
	at java.io.FileInputStream.open(FileInputStream.java:195)
	at java.io.FileInputStream.<init>(FileInputStream.java:138)
	at java.io.FileInputStream.<init>(FileInputStream.java:93)
	at genericlibrary.ConfigProperties.readProperties(ConfigProperties.java:26)
	at genericlibrary.ConfigProperties.getObject(ConfigProperties.java:39)
	at genericlibrary.BrowserUtilities.getBrowser(BrowserUtilities.java:37)
	at testscript.FirstTest.launch(FirstTest.java:29)
	at sun.reflect.NativeMethodAccessorImpl.invoke0(Native Method)
	at sun.reflect.NativeMethodAccessorImpl.invoke(NativeMethodAccessorImpl.java:62)
	at sun.reflect.DelegatingMethodAccessorImpl.invoke(DelegatingMethodAccessorImpl.java:43)
	at java.lang.reflect.Method.invoke(Method.java:498)
	at org.testng.internal.MethodInvocationHelper.invokeMethod(MethodInvocationHelper.java:108)
	at org.testng.internal.Invoker.invokeConfigurationMethod(Invoker.java:523)
	at org.testng.internal.Invoker.invokeConfigurations(Invoker.java:224)
	at org.testng.internal.Invoker.invokeConfigurations(Invoker.java:146)
	at org.testng.TestRunner.beforeRun(TestRunner.java:626)
	at org.testng.TestRunner.run(TestRunner.java:594)
	at org.testng.SuiteRunner.runTest(SuiteRunner.java:380)
	at org.testng.SuiteRunner.runSequentially(SuiteRunner.java:375)
	at org.testng.SuiteRunner.privateRun(SuiteRunner.java:340)
	at org.testng.SuiteRunner.run(SuiteRunner.java:289)
	at org.testng.SuiteRunnerWorker.runSuite(SuiteRunnerWorker.java:52)
	at org.testng.SuiteRunnerWorker.run(SuiteRunnerWorker.java:86)
	at org.testng.TestNG.runSuitesSequentially(TestNG.java:1301)
	at org.testng.TestNG.runSuitesLocally(TestNG.java:1226)
	at org.testng.TestNG.runSuites(TestNG.java:1144)
	at org.testng.TestNG.run(TestNG.java:1115)
	at org.testng.remote.AbstractRemoteTestNG.run(AbstractRemoteTestNG.java:114)
	at org.testng.remote.RemoteTestNG.initAndRun(RemoteTestNG.java:251)
	at org.testng.remote.RemoteTestNG.main(RemoteTestNG.java:77)
]]>
            </full-stacktrace>
          </exception> <!-- java.io.FileNotFoundException -->
          <reporter-output>
          </reporter-output>
        </test-method> <!-- firstTest -->
        <test-method status="SKIP" signature="crash()[pri:0, instance:testscript.FirstTest@3bfdc050]" name="crash" is-config="true" duration-ms="0" started-at="2018-07-30T17:56:50Z" finished-at="2018-07-30T17:56:50Z">
          <reporter-output>
          </reporter-output>
        </test-method> <!-- crash -->
      </class> <!-- testscript.FirstTest -->
    </test> <!-- Default test -->
  </suite> <!-- Default suite -->
</testng-results>
